#
# A fatal error has been detected by the Java Runtime Environment:
#
#  EXCEPTION_ACCESS_VIOLATION (0xc0000005) at pc=0x00007ff861c3d1ce, pid=9364, tid=7464
#
# JRE version:  (21.0.8+12) (build )
# Java VM: Java HotSpot(TM) 64-Bit Server VM (21.0.8+12-LTS-250, mixed mode, sharing, tiered, compressed oops, compressed class ptrs, g1 gc, windows-amd64)
# Problematic frame:
# V  [jvm.dll+0x30d1ce]
#
# No core dump will be written. Minidumps are not enabled by default on client versions of Windows
#
#

---------------  S U M M A R Y ------------

Command Line: -Dclassworlds.conf=C:\apache-maven-3.9.11\bin\m2.conf -Dmaven.home=C:\apache-maven-3.9.11 -Dlibrary.jansi.path=C:\apache-maven-3.9.11\lib\jansi-native -Dmaven.multiModuleProjectDirectory=C:\Users\INTEL\eclipse-workspace-program\com.weblink org.codehaus.plexus.classworlds.launcher.Launcher clean install

Host: 12th Gen Intel(R) Core(TM) i5-12400F, 12 cores, 7G,  Windows 11 , 64 bit Build 22621 (10.0.22621.5415)
Time: Wed Jul 30 10:46:31 2025 India Standard Time elapsed time: 0.015277 seconds (0d 0h 0m 0s)

---------------  T H R E A D  ---------------

Current thread (0x000001d493743480):  JavaThread "Unknown thread" [_thread_in_vm, id=7464, stack(0x000000036c500000,0x000000036c600000) (1024K)]

Stack: [0x000000036c500000,0x000000036c600000],  sp=0x000000036c5fefb0,  free space=1019k
Native frames: (J=compiled Java code, j=interpreted, Vv=VM code, C=native code)
V  [jvm.dll+0x30d1ce]
V  [jvm.dll+0x30db18]
V  [jvm.dll+0x6766c9]
V  [jvm.dll+0x6768f9]
V  [jvm.dll+0x675cb1]
V  [jvm.dll+0x671468]
V  [jvm.dll+0x8218c5]
V  [jvm.dll+0x3bc541]
V  [jvm.dll+0x80aaf8]
V  [jvm.dll+0x45172e]
V  [jvm.dll+0x453321]
C  [jli.dll+0x52a3]
C  [ucrtbase.dll+0x29333]
C  [KERNEL32.DLL+0x1259d]
C  [ntdll.dll+0x5af78]


siginfo: EXCEPTION_ACCESS_VIOLATION (0xc0000005), reading address 0x0000000000000000


Registers:
RAX=0x0000f16078703c14, RBX=0x0000000000000000, RCX=0x0000000000000000, RDX=0x0000000000000001
RSP=0x000000036c5fefb0, RBP=0x0000000000000001, RSI=0x000001d4ab3b72a8, RDI=0x000001d4aa2e59d0
R8 =0x0000000000000001, R9 =0x0000000000000001, R10=0x0000000000000000, R11=0x0000000000000246
R12=0x0000000000000000, R13=0x000001d493717290, R14=0x0000000000000001, R15=0x000001d4ab000000
RIP=0x00007ff861c3d1ce, EFLAGS=0x0000000000010246


Top of Stack: (sp=0x000000036c5fefb0)
0x000000036c5fefb0:   0000000800c90000 000001d4ab000000
0x000000036c5fefc0:   000001d4abc90000 000001ccab000000
0x000000036c5fefd0:   000001d4ab000000 0000000000000001
0x000000036c5fefe0:   000000036c5ff0f0 0000000000000000
0x000000036c5feff0:   0000f16078703c84 000001ccab000000
0x000000036c5ff000:   0000f16078703c14 000000036c5ff240
0x000000036c5ff010:   000001d4aa2e59d0 00007ff861c3db18
0x000000036c5ff020:   000001d4ab000000 0000000000000000
0x000000036c5ff030:   0000000000000000 0000000000000000
0x000000036c5ff040:   000001d4ab000000 0000000001000000
0x000000036c5ff050:   0000000000000000 0000000000010000
0x000000036c5ff060:   0000000000001000 ffffffffaa2ea300
0x000000036c5ff070:   000001d4aa2e5900 0000000000000270
0x000000036c5ff080:   0000f16078702384 0000000000000000
0x000000036c5ff090:   0000000000000000 00007ff861fb8870
0x000000036c5ff0a0:   0000000000000000 000001d4aa2e59d0
0x000000036c5ff0b0:   000000036c5ff240 00007ff861fa66c9
0x000000036c5ff0c0:   0000000000000002 00007ff8624fd370
0x000000036c5ff0d0:   000001d4aa2e59d0 000001d4aa2e59d0
0x000000036c5ff0e0:   000000036c5ff0f0 0000000000001000
0x000000036c5ff0f0:   000001d4ab000000 0000000001000000
0x000000036c5ff100:   0000000000000000 0000000000010000
0x000000036c5ff110:   0000000000001000 ffffffffaa2ea300
0x000000036c5ff120:   000001d4aa2e5900 000001d4aa2e59d0
0x000000036c5ff130:   0000000000000000 00007ff861fa68f9
0x000000036c5ff140:   0000000000000000 0000000001000000
0x000000036c5ff150:   000001d495a54430 0000000000000000
0x000000036c5ff160:   000000036c5ff170 000000036c5ff1a8
0x000000036c5ff170:   000001d4ab000000 0000000001000000
0x000000036c5ff180:   0000000000000000 0000000000010000
0x000000036c5ff190:   0000000000001000 ffffffffaa2ea300
0x000000036c5ff1a0:   000001d4aa2e5900 000001d4ac000000 

Instructions: (pc=0x00007ff861c3d1ce)
0x00007ff861c3d0ce:   e8 cd 89 db ff 48 8b 05 46 bc 90 00 48 85 c0 74
0x00007ff861c3d0de:   1b 44 0f b6 83 a9 01 00 00 48 8d 0d d2 51 6c 00
0x00007ff861c3d0ee:   0f b6 93 a8 01 00 00 e8 06 3b db ff 0f b6 05 cc
0x00007ff861c3d0fe:   b4 91 00 38 83 a8 01 00 00 75 67 0f b6 05 aa 44
0x00007ff861c3d10e:   8b 00 38 83 a9 01 00 00 75 58 80 bb 01 03 00 00
0x00007ff861c3d11e:   00 75 1f 48 8b 05 f8 bb 90 00 c6 05 f1 01 8c 00
0x00007ff861c3d12e:   00 48 85 c0 74 0c 48 8d 0d 85 52 6c 00 e8 c0 3a
0x00007ff861c3d13e:   db ff 80 bb 02 03 00 00 00 75 1f 48 8b 05 d0 bb
0x00007ff861c3d14e:   90 00 c6 05 ca 01 8c 00 00 48 85 c0 74 0c 48 8d
0x00007ff861c3d15e:   0d cd 52 6c 00 e8 98 3a db ff b0 01 48 83 c4 20
0x00007ff861c3d16e:   5b c3 48 8b 05 a9 bb 90 00 48 85 c0 74 0c 48 8d
0x00007ff861c3d17e:   0d 9d 51 6c 00 e8 78 3a db ff 32 c0 48 83 c4 20
0x00007ff861c3d18e:   5b c3 48 89 5c 24 10 48 89 6c 24 18 48 89 74 24
0x00007ff861c3d19e:   20 57 48 83 ec 60 48 8b 05 9d d8 8d 00 48 33 c4
0x00007ff861c3d1ae:   48 89 44 24 50 80 3d 16 3f 8b 00 00 0f b6 ea 48
0x00007ff861c3d1be:   8b f1 74 17 80 39 00 75 12 48 8b 0d fa 01 91 00
0x00007ff861c3d1ce:   48 8b 01 ff 50 20 48 8b d8 eb 08 48 8b 59 18 48
0x00007ff861c3d1de:   83 c3 04 48 8b 05 d8 02 91 00 40 b7 01 48 85 c0
0x00007ff861c3d1ee:   74 0f 48 8b d3 48 8d 0d de 3a 6c 00 e8 c1 e4 f0
0x00007ff861c3d1fe:   ff 48 8d 54 24 20 48 8b cb e8 b4 d3 3b 00 85 c0
0x00007ff861c3d20e:   74 28 40 84 ed 74 23 48 8b 05 0c bb 90 00 48 85
0x00007ff861c3d21e:   c0 74 47 48 8b d3 48 8d 0d d5 3a 6c 00 e8 70 88
0x00007ff861c3d22e:   db ff 40 32 ff e9 12 01 00 00 80 3e 02 75 33 48
0x00007ff861c3d23e:   8b cb e8 cb 74 3b 00 84 c0 0f 85 fd 00 00 00 48
0x00007ff861c3d24e:   8b 05 d4 ba 90 00 48 85 c0 74 0f 48 8b d3 48 8d
0x00007ff861c3d25e:   0d cd 3a 6c 00 e8 38 88 db ff 40 32 ff e9 da 00
0x00007ff861c3d26e:   00 00 48 8b 46 08 48 85 c0 74 07 48 3b 44 24 40
0x00007ff861c3d27e:   75 0f 48 63 44 24 34 48 39 46 10 0f 84 bb 00 00
0x00007ff861c3d28e:   00 48 8b 05 92 ba 90 00 40 32 ff 40 38 3d 2b b3
0x00007ff861c3d29e:   91 00 74 2b 48 85 c0 0f 84 9f 00 00 00 48 8b 46
0x00007ff861c3d2ae:   08 48 8d 15 9a 3a 6c 00 48 3b 44 24 40 48 8d 0d
0x00007ff861c3d2be:   a6 3a 6c 00 48 0f 45 ca e8 d5 87 db ff eb 7d 48 



---------------  P R O C E S S  ---------------

Threads class SMR info:
_java_thread_list=0x00007ff8624ffc48, length=0, elements={
}

Java Threads: ( => current thread )
Total: 0

Other Threads:
  0x000001d495ab7bf0 WorkerThread "GC Thread#0"                     [id=13844, stack(0x000000036c600000,0x000000036c700000) (1024K)]
  0x000001d495ac9510 ConcurrentGCThread "G1 Main Marker"            [id=5412, stack(0x000000036c700000,0x000000036c800000) (1024K)]
  0x000001d495aca7b0 WorkerThread "G1 Conc#0"                       [id=12252, stack(0x000000036c800000,0x000000036c900000) (1024K)]
  0x000001d495b2e7c0 ConcurrentGCThread "G1 Refine#0"               [id=5540, stack(0x000000036c900000,0x000000036ca00000) (1024K)]
  0x000001d4aa2dd520 ConcurrentGCThread "G1 Service"                [id=1220, stack(0x000000036ca00000,0x000000036cb00000) (1024K)]

=>0x000001d493743480 (exited) JavaThread "Unknown thread"    [_thread_in_vm, id=7464, stack(0x000000036c500000,0x000000036c600000) (1024K)]
Total: 6

Threads with active compile tasks:
Total: 0

VM state: not at safepoint (not fully initialized)

VM Mutex/Monitor currently owned by a thread: None

Heap address: 0x0000000082400000, size: 2012 MB, Compressed Oops mode: 32-bit

CDS archive(s) mapped at: [0x0000000000000000-0x0000000000000000-0x0000000000000000), size 0, SharedBaseAddress: 0x0000000800000000, ArchiveRelocationMode: 1.
Narrow klass base: 0x0000000000000000, Narrow klass shift: 0, Narrow klass range: 0x0

GC Precious Log:
 CardTable entry size: 512
 Card Set container configuration: InlinePtr #cards 5 size 8 Array Of Cards #cards 12 size 40 Howl #buckets 4 coarsen threshold 1843 Howl Bitmap #cards 512 size 80 coarsen threshold 460 Card regions per heap region 1 cards per card region 2048
 CPUs: 12 total, 12 available
 Memory: 8045M
 Large Page Support: Disabled
 NUMA Support: Disabled
 Compressed Oops: Enabled (32-bit)
 Heap Region Size: 1M
 Heap Min Capacity: 8M
 Heap Initial Capacity: 126M
 Heap Max Capacity: 2012M
 Pre-touch: Disabled
 Parallel Workers: 10
 Concurrent Workers: 3
 Concurrent Refinement Workers: 10
 Periodic GC: Disabled

Heap:
 garbage-first heap   total 129024K, used 0K [0x0000000082400000, 0x0000000100000000)
  region size 1024K, 0 young (0K), 0 survivors (0K)

[error occurred during error reporting (printing heap information), id 0xc0000005, EXCEPTION_ACCESS_VIOLATION (0xc0000005) at pc=0x00007ff8620551e9]
GC Heap History (0 events):
No events

Dll operation events (1 events):
Event: 0.004 Loaded shared library C:\Program Files\Java\jdk-21\bin\java.dll

Deoptimization events (0 events):
No events

Classes loaded (0 events):
No events

Classes unloaded (0 events):
No events

Classes redefined (0 events):
No events

Internal exceptions (0 events):
No events

ZGC Phase Switch (0 events):
No events

VM Operations (0 events):
No events

Events (0 events):
No events


Dynamic libraries:
0x00007ff641ee0000 - 0x00007ff641ef0000 	C:\Program Files\Java\jdk-21\bin\java.exe
0x00007ff882030000 - 0x00007ff882247000 	C:\WINDOWS\SYSTEM32\ntdll.dll
0x00007ff8801c0000 - 0x00007ff880284000 	C:\WINDOWS\System32\KERNEL32.DLL
0x00007ff87f4d0000 - 0x00007ff87f8a2000 	C:\WINDOWS\System32\KERNELBASE.dll
0x00007ff87f120000 - 0x00007ff87f231000 	C:\WINDOWS\System32\ucrtbase.dll
0x00007ff862af0000 - 0x00007ff862b0b000 	C:\Program Files\Java\jdk-21\bin\VCRUNTIME140.dll
0x00007ff862b10000 - 0x00007ff862b29000 	C:\Program Files\Java\jdk-21\bin\jli.dll
0x00007ff8806a0000 - 0x00007ff880751000 	C:\WINDOWS\System32\ADVAPI32.dll
0x00007ff8805f0000 - 0x00007ff880697000 	C:\WINDOWS\System32\msvcrt.dll
0x00007ff881a00000 - 0x00007ff881aa8000 	C:\WINDOWS\System32\sechost.dll
0x00007ff87fc90000 - 0x00007ff87fcb8000 	C:\WINDOWS\System32\bcrypt.dll
0x00007ff8816b0000 - 0x00007ff8817c4000 	C:\WINDOWS\System32\RPCRT4.dll
0x00007ff881c50000 - 0x00007ff881e01000 	C:\WINDOWS\System32\USER32.dll
0x00007ff874290000 - 0x00007ff87452b000 	C:\WINDOWS\WinSxS\amd64_microsoft.windows.common-controls_6595b64144ccf1df_6.0.22621.5547_none_27104afb73855772\COMCTL32.dll
0x00007ff87fb20000 - 0x00007ff87fb46000 	C:\WINDOWS\System32\win32u.dll
0x00007ff881f20000 - 0x00007ff881f49000 	C:\WINDOWS\System32\GDI32.dll
0x00007ff87f9f0000 - 0x00007ff87fb13000 	C:\WINDOWS\System32\gdi32full.dll
0x00007ff87f430000 - 0x00007ff87f4ca000 	C:\WINDOWS\System32\msvcp_win.dll
0x00007ff879840000 - 0x00007ff87984a000 	C:\WINDOWS\SYSTEM32\VERSION.dll
0x00007ff8805b0000 - 0x00007ff8805e1000 	C:\WINDOWS\System32\IMM32.DLL
0x00007ff8644d0000 - 0x00007ff8644dc000 	C:\Program Files\Java\jdk-21\bin\vcruntime140_1.dll
0x00007ff862a60000 - 0x00007ff862aee000 	C:\Program Files\Java\jdk-21\bin\msvcp140.dll
0x00007ff861930000 - 0x00007ff86264d000 	C:\Program Files\Java\jdk-21\bin\server\jvm.dll
0x00007ff881f70000 - 0x00007ff881fe1000 	C:\WINDOWS\System32\WS2_32.dll
0x00007ff87e4d0000 - 0x00007ff87e51d000 	C:\WINDOWS\SYSTEM32\POWRPROF.dll
0x00007ff8751a0000 - 0x00007ff8751d4000 	C:\WINDOWS\SYSTEM32\WINMM.dll
0x00007ff87e430000 - 0x00007ff87e443000 	C:\WINDOWS\SYSTEM32\UMPDC.dll
0x00007ff87e1c0000 - 0x00007ff87e1d8000 	C:\WINDOWS\SYSTEM32\kernel.appcore.dll
0x00007ff862a50000 - 0x00007ff862a5a000 	C:\Program Files\Java\jdk-21\bin\jimage.dll
0x00007ff874540000 - 0x00007ff874773000 	C:\WINDOWS\SYSTEM32\DBGHELP.DLL
0x00007ff87fe20000 - 0x00007ff8801b3000 	C:\WINDOWS\System32\combase.dll
0x00007ff880340000 - 0x00007ff880417000 	C:\WINDOWS\System32\OLEAUT32.dll
0x00007ff85cb00000 - 0x00007ff85cb32000 	C:\WINDOWS\SYSTEM32\dbgcore.DLL
0x00007ff87f240000 - 0x00007ff87f2bb000 	C:\WINDOWS\System32\bcryptPrimitives.dll
0x00007ff862a30000 - 0x00007ff862a4f000 	C:\Program Files\Java\jdk-21\bin\java.dll

dbghelp: loaded successfully - version: 4.0.5 - missing functions: none
symbol engine: initialized successfully - sym options: 0x614 - pdb path: .;C:\Program Files\Java\jdk-21\bin;C:\WINDOWS\SYSTEM32;C:\WINDOWS\WinSxS\amd64_microsoft.windows.common-controls_6595b64144ccf1df_6.0.22621.5547_none_27104afb73855772;C:\Program Files\Java\jdk-21\bin\server

VM Arguments:
jvm_args: -Dclassworlds.conf=C:\apache-maven-3.9.11\bin\m2.conf -Dmaven.home=C:\apache-maven-3.9.11 -Dlibrary.jansi.path=C:\apache-maven-3.9.11\lib\jansi-native -Dmaven.multiModuleProjectDirectory=C:\Users\INTEL\eclipse-workspace-program\com.weblink 
java_command: org.codehaus.plexus.classworlds.launcher.Launcher clean install
java_class_path (initial): C:\apache-maven-3.9.11\boot\plexus-classworlds-2.9.0.jar
Launcher Type: SUN_STANDARD

[Global flags]
     intx CICompilerCount                          = 4                                         {product} {ergonomic}
     uint ConcGCThreads                            = 3                                         {product} {ergonomic}
     uint G1ConcRefinementThreads                  = 10                                        {product} {ergonomic}
   size_t G1HeapRegionSize                         = 1048576                                   {product} {ergonomic}
    uintx GCDrainStackTargetSize                   = 64                                        {product} {ergonomic}
   size_t InitialHeapSize                          = 132120576                                 {product} {ergonomic}
   size_t MarkStackSize                            = 4194304                                   {product} {ergonomic}
   size_t MaxHeapSize                              = 2109734912                                {product} {ergonomic}
   size_t MaxNewSize                               = 1265631232                                {product} {ergonomic}
   size_t MinHeapDeltaBytes                        = 1048576                                   {product} {ergonomic}
   size_t MinHeapSize                              = 8388608                                   {product} {ergonomic}
    uintx NonNMethodCodeHeapSize                   = 5839372                                {pd product} {ergonomic}
    uintx NonProfiledCodeHeapSize                  = 122909434                              {pd product} {ergonomic}
    uintx ProfiledCodeHeapSize                     = 122909434                              {pd product} {ergonomic}
    uintx ReservedCodeCacheSize                    = 251658240                              {pd product} {ergonomic}
     bool SegmentedCodeCache                       = true                                      {product} {ergonomic}
   size_t SoftMaxHeapSize                          = 2109734912                             {manageable} {ergonomic}
     bool UseCompressedOops                        = true                           {product lp64_product} {ergonomic}
     bool UseG1GC                                  = true                                      {product} {ergonomic}
     bool UseLargePagesIndividualAllocation        = false                                  {pd product} {ergonomic}

Logging:
Log output configuration:
 #0: stdout all=warning uptime,level,tags foldmultilines=false
 #1: stderr all=off uptime,level,tags foldmultilines=false

Environment Variables:
JAVA_HOME=C:\Program Files\Java\jdk-21\
PATH=C:\Program Files\ImageMagick-7.1.1-Q16-HDRI;C:\Program Files\Common Files\Oracle\Java\javapath;C:\Windows\system32;C:\Windows;C:\Windows\System32\Wbem;C:\Windows\System32\WindowsPowerShell\v1.0\;C:\Windows\System32\OpenSSH\;C:\Program Files (x86)\NVIDIA Corporation\PhysX\Common;C:\Program Files\Microsoft SQL Server\150\Tools\Binn\;C:\Program Files\Microsoft SQL Server\Client SDK\ODBC\170\Tools\Binn\;C:\Program Files\dotnet\;C:\WINDOWS\system32;C:\WINDOWS;C:\WINDOWS\System32\Wbem;C:\WINDOWS\System32\WindowsPowerShell\v1.0\;C:\WINDOWS\System32\OpenSSH\;C:\xampp\php;C:\ProgramData\ComposerSetup\bin;C:\Program Files (x86)\Microsoft SQL Server\150\Tools\Binn\;C:\Program Files\Microsoft SQL Server\150\DTS\Binn\;C:\Program Files (x86)\Microsoft SQL Server\150\DTS\Binn\;C:\Program Files (x86)\Microsoft SQL Server\160\Tools\Binn\;C:\Program Files\Microsoft SQL Server\160\Tools\Binn\;C:\Program Files\Microsoft SQL Server\160\DTS\Binn\;C:\Program Files\Microsoft SQL Server\130\Tools\Binn\;C:\Program Files (x86)\Microsoft SQL Server\160\DTS\Binn\;C:\Program Files\nodejs\;C:\Program Files\Git\cmd;C:\apache-maven-3.9.11\bin\;C:\apache-maven-3.9.11\;%M2_MAVEN%\bin;C:\Program Files\Java\jdk-21\;C:\Program Files\Java\jdk-21\\lib;C:\Program Files\Java\jdk-21\;C:\Users\INTEL\AppData\Local\Microsoft\WindowsApps;C:\Users\INTEL\AppData\Local\Programs\Microsoft VS Code\bin;C:\Users\INTEL\.dotnet\tools;C:\Users\INTEL\AppData\Local\GitHubDesktop\bin;C:\Users\INTEL\AppData\Roaming\Composer\vendor\bin;C:\Users\INTEL\AppData\Roaming\npm
USERNAME=INTEL
OS=Windows_NT
PROCESSOR_IDENTIFIER=Intel64 Family 6 Model 151 Stepping 5, GenuineIntel
TMP=C:\Users\INTEL\AppData\Local\Temp
TEMP=C:\Users\INTEL\AppData\Local\Temp




Periodic native trim disabled

---------------  S Y S T E M  ---------------

OS:
 Windows 11 , 64 bit Build 22621 (10.0.22621.5415)
OS uptime: 0 days 0:05 hours

CPU: total 12 (initial active 12) (6 cores per cpu, 2 threads per core) family 6 model 151 stepping 5 microcode 0x35, cx8, cmov, fxsr, ht, mmx, 3dnowpref, sse, sse2, sse3, ssse3, sse4.1, sse4.2, popcnt, lzcnt, tsc, tscinvbit, avx, avx2, aes, erms, clmul, bmi1, bmi2, adx, sha, fma, vzeroupper, clflush, clflushopt, clwb, serialize, rdtscp, rdpid, fsrm, f16c, pku, cet_ibt, cet_ss
Processor Information for all 12 processors :
  Max Mhz: 2500, Current Mhz: 2500, Mhz Limit: 2500

Memory: 4k page, system-wide physical 8045M (2507M free)
TotalPageFile size 18797M (AvailPageFile size 10464M)
current process WorkingSet (physical memory assigned to process): 24M, peak: 24M
current process commit charge ("private bytes"): 206M, peak: 206M

vm_info: Java HotSpot(TM) 64-Bit Server VM (21.0.8+12-LTS-250) for windows-amd64 JRE (21.0.8+12-LTS-250), built on 2025-06-27T08:11:22Z by "mach5one" with MS VC++ 17.6 (VS2022)

END.
